<?xml version="1.0" encoding="UTF-8"?>
<testsuite name="ProverbTest" tests="6" skipped="0" failures="0" errors="0" timestamp="2019-01-05T16:55:37" hostname="I7-67000-DESKTOP" time="0.022">
  <properties/>
  <testcase name="shortChainOfConsequences" classname="ProverbTest" time="0.02"/>
  <testcase name="fullProverb" classname="ProverbTest" time="0.0"/>
  <testcase name="zeroWordsAreGiven" classname="ProverbTest" time="0.0"/>
  <testcase name="singlePieceOfProverb" classname="ProverbTest" time="0.0"/>
  <testcase name="twoPiecesOfProverb" classname="ProverbTest" time="0.0"/>
  <testcase name="fourPiecesModernizedProverb" classname="ProverbTest" time="0.001"/>
  <system-out><![CDATA[]]></system-out>
  <system-err><![CDATA[]]></system-err>
</testsuite>
