<?xml version="1.0" encoding="UTF-8"?>
<testsuite name="DominoesTest" tests="12" skipped="0" failures="0" errors="0" timestamp="2019-05-26T16:16:05" hostname="I7-67000-DESKTOP" time="0.033">
  <properties/>
  <testcase name="cantBeChainedTest" classname="DominoesTest" time="0.005"/>
  <testcase name="needBacktrackTest" classname="DominoesTest" time="0.022"/>
  <testcase name="singletonInputSingletonOutput" classname="DominoesTest" time="0.0"/>
  <testcase name="nineElementsTest" classname="DominoesTest" time="0.002"/>
  <testcase name="separateLoopsTest" classname="DominoesTest" time="0.0"/>
  <testcase name="disconnectedDoubleLoopTest" classname="DominoesTest" time="0.0"/>
  <testcase name="singletonCantBeChainedTest" classname="DominoesTest" time="0.0"/>
  <testcase name="disconnectedSingleIsolatedTest" classname="DominoesTest" time="0.0"/>
  <testcase name="emtpyInputEmptyOutputTest" classname="DominoesTest" time="0.001"/>
  <testcase name="canReverseDominoesTest" classname="DominoesTest" time="0.0"/>
  <testcase name="disconnectedSimpleTest" classname="DominoesTest" time="0.0"/>
  <testcase name="threeElementsTest" classname="DominoesTest" time="0.0"/>
  <system-out><![CDATA[]]></system-out>
  <system-err><![CDATA[]]></system-err>
</testsuite>
